;  LST file generated by mikroListExporter - v.2.0 
; Date/Time: 07/12/2021 12:17:27 p. m.
;----------------------------------------------

;Address Opcode 	ASM
0x0000	0xF010EF00  	GOTO        8192
0x0004	0x0000      	NOP
0x0006	0x0000      	NOP
0x0008	0xF000EF00  	GOTO        0
0x000C	0x0000      	NOP
0x000E	0x0000      	NOP
0x0010	0x0000      	NOP
0x0012	0x0000      	NOP
0x0014	0x0000      	NOP
0x0016	0x0000      	NOP
0x0018	0xD7F3      	BRA         0
_main:
;blink_led.c,23 :: 		void main() org 0x2000          //Se especifica el segmento a partir de cual se almacenara el programa ya que existe un espacio
;blink_led.c,25 :: 		LATA4_bit = 0;             //Se asigna el pin como salida
0x2000	0x9889      	BCF         LATA4_bit, BitPos(LATA4_bit+0) 
;blink_led.c,26 :: 		TRISA4_bit = 0;            //Se establece el pin en un estado bajo
0x2002	0x9892      	BCF         TRISA4_bit, BitPos(TRISA4_bit+0) 
;blink_led.c,28 :: 		while(1)
L_main0:
;blink_led.c,30 :: 		LED = 1;           //Se establece como estado alto el pin digital
0x2004	0x8889      	BSF         LATA4_bit, BitPos(LATA4_bit+0) 
;blink_led.c,31 :: 		Delay_ms(1000);    //Se establece un espera de 1 segundo
0x2006	0x0E3D      	MOVLW       61
0x2008	0x6E0B      	MOVWF       R11, 0
0x200A	0x0EE1      	MOVLW       225
0x200C	0x6E0C      	MOVWF       R12, 0
0x200E	0x0E3F      	MOVLW       63
0x2010	0x6E0D      	MOVWF       R13, 0
L_main2:
0x2012	0x2E0D      	DECFSZ      R13, 1, 0
0x2014	0xD7FE      	BRA         L_main2
0x2016	0x2E0C      	DECFSZ      R12, 1, 0
0x2018	0xD7FC      	BRA         L_main2
0x201A	0x2E0B      	DECFSZ      R11, 1, 0
0x201C	0xD7FA      	BRA         L_main2
0x201E	0x0000      	NOP
0x2020	0x0000      	NOP
;blink_led.c,32 :: 		LED = 0;           //Se establece como estado bajo el pin digital
0x2022	0x9889      	BCF         LATA4_bit, BitPos(LATA4_bit+0) 
;blink_led.c,33 :: 		Delay_ms(1000);    //Se establece un espera de 1 segundo
0x2024	0x0E3D      	MOVLW       61
0x2026	0x6E0B      	MOVWF       R11, 0
0x2028	0x0EE1      	MOVLW       225
0x202A	0x6E0C      	MOVWF       R12, 0
0x202C	0x0E3F      	MOVLW       63
0x202E	0x6E0D      	MOVWF       R13, 0
L_main3:
0x2030	0x2E0D      	DECFSZ      R13, 1, 0
0x2032	0xD7FE      	BRA         L_main3
0x2034	0x2E0C      	DECFSZ      R12, 1, 0
0x2036	0xD7FC      	BRA         L_main3
0x2038	0x2E0B      	DECFSZ      R11, 1, 0
0x203A	0xD7FA      	BRA         L_main3
0x203C	0x0000      	NOP
0x203E	0x0000      	NOP
;blink_led.c,34 :: 		}
0x2040	0xD7E1      	BRA         L_main0
;blink_led.c,35 :: 		}
L_end_main:
0x2042	0xD7FF      	BRA         $+0
; end of _main
Symbol List:
//** Routines locations **
//ADDRESS    SIZE    PROCEDURE
//----------------------------------------------
0x2000      [68]    _main
//** Variables locations ** 
//ADDRESS    SIZE    VARIABLE
//----------------------------------------------
0x0000       [1]    R0
0x0001       [1]    R1
0x0002       [1]    R2
0x0003       [1]    R3
0x0004       [1]    R4
0x0005       [1]    R5
0x0006       [1]    R6
0x0007       [1]    R7
0x0008       [1]    R8
0x0009       [1]    R9
0x000A       [1]    R10
0x000B       [1]    R11
0x000C       [1]    R12
0x000D       [1]    R13
0x000E       [1]    R14
0x000F       [1]    R15
0x0010       [1]    R16
0x0011       [1]    R17
0x0012       [1]    R18
0x0013       [1]    R19
0x0014       [1]    R20
0x0F89       [0]    LATA4_bit
0x0F92       [0]    TRISA4_bit
0x0FD8       [1]    STATUS
0x0FD9       [1]    FSR2L
0x0FDA       [1]    FSR2H
0x0FDE       [1]    POSTINC2
0x0FE0       [1]    BSR
0x0FE1       [1]    FSR1L
0x0FE2       [1]    FSR1H
0x0FE4       [1]    PREINC1
0x0FE6       [1]    POSTINC1
0x0FE7       [1]    INDF1
0x0FE8       [1]    WREG
0x0FE9       [1]    FSR0L
0x0FEA       [1]    FSR0H
0x0FEE       [1]    POSTINC0
0x0FF3       [1]    PRODL
0x0FF4       [1]    PRODH
0x0FF5       [1]    TABLAT
0x0FF6       [1]    TBLPTRL
0x0FF7       [1]    TBLPTRH
0x0FF8       [1]    TBLPTRU
